<?xml version="1.0" encoding="UTF-8"?>
<testsuite xmlns:xsi="http://www.w3.org/2001/XMLSchema-instance" xsi:noNamespaceSchemaLocation="https://maven.apache.org/surefire/maven-surefire-plugin/xsd/surefire-test-report.xsd" version="3.0.1" name="com.final_project.app.AppTest" time="180.865" tests="3" errors="0" skipped="0" failures="0">
  <properties>
[...]
</properties>
  <testcase name="test_download" classname="com.final_project.app.AppTest" time="0.871">
    <system-out><![CDATA[Along the Road to Gundagai
-|#####################                       | 48.2%-|##########################################  | 96.5%-|############################################| 100.0%
]]></system-out>
  </testcase>
  <testcase name="test_playlist" classname="com.final_project.app.AppTest" time="171.245">
    <system-out><![CDATA[Bach   Violin Sonata no  1 in G minor BWV 1001   Sato   Netherlands Bach Society
-|###                                         | 6.1%-|#####                                       | 12.3%-|########                                    | 18.4%-|###########                                 | 24.5%-|##############                              | 30.7%-|################                            | 36.8%-|###################                         | 43.0%-|######################                      | 49.1%-|########################                    | 55.2%-|###########################                 | 61.4%-|##############################              | 67.5%-|################################            | 73.6%-|###################################         | 79.8%-|######################################      | 85.9%-|#########################################   | 92.0%-|########################################### | 98.2%-|############################################| 100.0%

Bach   Violin Partita no  1 in B minor BWV 1002   Sato   Netherlands Bach Society
-|##                                          | 3.8%-|###                                         | 7.6%-|#####                                       | 11.4%-|#######                                     | 15.1%-|########                                    | 18.9%-|##########                                  | 22.7%-|############                                | 26.5%-|#############                               | 30.3%-|###############                             | 34.1%-|#################                           | 37.8%-|##################                          | 41.6%-|####################                        | 45.4%-|######################                      | 49.2%-|#######################                     | 53.0%-|#########################                   | 56.8%-|###########################                 | 60.5%-|############################                | 64.3%-|##############################              | 68.1%-|################################            | 71.9%-|#################################           | 75.7%-|###################################         | 79.5%-|#####################################       | 83.2%-|######################################      | 87.0%-|########################################    | 90.8%-|##########################################  | 94.6%-|########################################### | 98.4%-|############################################| 100.0%

Bach   Violin Sonata no  2 in A minor BWV 1003   Sato   Netherlands Bach Society
-|##                                          | 4.4%-|####                                        | 8.8%-|######                                      | 13.2%-|########                                    | 17.6%-|##########                                  | 21.9%-|############                                | 26.3%-|##############                              | 30.7%-|###############                             | 35.1%-|#################                           | 39.5%-|###################                         | 43.9%-|#####################                       | 48.3%-|#######################                     | 52.7%-|#########################                   | 57.1%-|###########################                 | 61.5%-|#############################               | 65.8%-|###############################             | 70.2%-|#################################           | 74.6%-|###################################         | 79.0%-|#####################################       | 83.4%-|#######################################     | 87.8%-|#########################################   | 92.2%-|##########################################  | 96.6%-|############################################| 100.0%

Bach   Violin Partita no  2 in D minor BWV 1004   Sato   Netherlands Bach Society
-|##                                          | 3.7%-|###                                         | 7.4%-|#####                                       | 11.2%-|#######                                     | 14.9%-|########                                    | 18.6%-|##########                                  | 22.3%-|###########                                 | 26.0%-|#############                               | 29.8%-|###############                             | 33.5%-|################                            | 37.2%-|##################                          | 40.9%-|####################                        | 44.6%-|#####################                       | 48.3%-|#######################                     | 52.1%-|#########################                   | 55.8%-|##########################                  | 59.5%-|############################                | 63.2%-|#############################               | 66.9%-|###############################             | 70.7%-|#################################           | 74.4%-|##################################          | 78.1%-|####################################        | 81.8%-|######################################      | 85.5%-|#######################################     | 89.3%-|#########################################   | 93.0%-|########################################### | 96.7%-|############################################| 100.0%

Bach   Violin Sonata no  3 in C major BWV 1005   Sato   Netherlands Bach Society
-|##                                          | 4.4%-|####                                        | 8.8%-|######                                      | 13.3%-|########                                    | 17.7%-|##########                                  | 22.1%-|############                                | 26.5%-|##############                              | 31.0%-|################                            | 35.4%-|##################                          | 39.8%-|###################                         | 44.2%-|#####################                       | 48.7%-|#######################                     | 53.1%-|#########################                   | 57.5%-|###########################                 | 61.9%-|#############################               | 66.4%-|###############################             | 70.8%-|#################################           | 75.2%-|###################################         | 79.6%-|#####################################       | 84.0%-|#######################################     | 88.5%-|#########################################   | 92.9%-|########################################### | 97.3%-|############################################| 100.0%

Bach   Violin Partita no  3 in E major BWV 1006   Sato   Netherlands Bach Society
-|###                                         | 6.0%-|#####                                       | 12.1%-|########                                    | 18.1%-|###########                                 | 24.1%-|#############                               | 30.1%-|################                            | 36.2%-|###################                         | 42.2%-|#####################                       | 48.2%-|########################                    | 54.3%-|###########################                 | 60.3%-|#############################               | 66.3%-|################################            | 72.3%-|##################################          | 78.4%-|#####################################       | 84.4%-|########################################    | 90.4%-|##########################################  | 96.4%-|############################################| 100.0%

Converting 'Bach   Violin Sonata no  1 in G minor BWV 1001   Sato   Netherlands Bach Society.mp4' to 'Bach   Violin Sonata no  1 in G minor BWV 1001   Sato   Netherlands Bach Society.mp3'
 Output: Bach   Violin Sonata no  1 in G minor BWV 1001   Sato   Netherlands Bach Society.mp3
 Size: 40.28 MB
 Duration: 18360ms
 Deleted original file.
Converting 'Bach   Violin Partita no  1 in B minor BWV 1002   Sato   Netherlands Bach Society.mp4' to 'Bach   Violin Partita no  1 in B minor BWV 1002   Sato   Netherlands Bach Society.mp3'
 Output: Bach   Violin Partita no  1 in B minor BWV 1002   Sato   Netherlands Bach Society.mp3
 Size: 65.32 MB
 Duration: 29037ms
 Deleted original file.
Converting 'Bach   Violin Sonata no  2 in A minor BWV 1003   Sato   Netherlands Bach Society.mp4' to 'Bach   Violin Sonata no  2 in A minor BWV 1003   Sato   Netherlands Bach Society.mp3'
 Output: Bach   Violin Sonata no  2 in A minor BWV 1003   Sato   Netherlands Bach Society.mp3
 Size: 56.31 MB
 Duration: 25485ms
 Deleted original file.
Converting 'Bach   Violin Partita no  2 in D minor BWV 1004   Sato   Netherlands Bach Society.mp4' to 'Bach   Violin Partita no  2 in D minor BWV 1004   Sato   Netherlands Bach Society.mp3'
 Output: Bach   Violin Partita no  2 in D minor BWV 1004   Sato   Netherlands Bach Society.mp3
 Size: 66.46 MB
 Duration: 29852ms
 Deleted original file.
Converting 'Bach   Violin Sonata no  3 in C major BWV 1005   Sato   Netherlands Bach Society.mp4' to 'Bach   Violin Sonata no  3 in C major BWV 1005   Sato   Netherlands Bach Society.mp3'
 Output: Bach   Violin Sonata no  3 in C major BWV 1005   Sato   Netherlands Bach Society.mp3
 Size: 55.87 MB
 Duration: 25258ms
 Deleted original file.
Converting 'Bach   Violin Partita no  3 in E major BWV 1006   Sato   Netherlands Bach Society.mp4' to 'Bach   Violin Partita no  3 in E major BWV 1006   Sato   Netherlands Bach Society.mp3'
 Output: Bach   Violin Partita no  3 in E major BWV 1006   Sato   Netherlands Bach Society.mp3
 Size: 41.00 MB
 Duration: 18659ms
 Deleted original file.
Input #0, concat, from 'merge.txt':
  Duration: N/A, start: -0.023021, bitrate: 320 kb/s
  Stream #0:0: Audio: mp3, 48000 Hz, stereo, fltp, 320 kb/s
    Metadata:
      encoder         : Lavc58.13
Output #0, mp3, to 'Six sonatas and partitas for solo violin.mp3':
  Metadata:
    TSSE            : Lavf58.76.100
  Stream #0:0: Audio: mp3, 48000 Hz, stereo, fltp, 320 kb/s
    Metadata:
      encoder         : Lavc58.13
Stream mapping:
  Stream #0:0 -> #0:0 (copy)
Press [q] to stop, [?] for help
size=       2kB time=00:00:00.00 bitrate=N/A speed=N/A    
size=   44544kB time=00:19:00.31 bitrate= 320.0kbits/s speed=2.25e+03x    
size=   61184kB time=00:26:06.28 bitrate= 320.0kbits/s speed=1.54e+03x    
size=   70912kB time=00:30:15.33 bitrate= 320.0kbits/s speed=1.2e+03x    
size=   76032kB time=00:32:26.40 bitrate= 320.0kbits/s speed= 926x    
size=   82944kB time=00:35:24.43 bitrate= 319.8kbits/s speed= 817x    
size=  113152kB time=00:48:16.68 bitrate= 320.0kbits/s speed= 933x    
size=  139264kB time=00:59:25.15 bitrate= 320.0kbits/s speed= 986x    
size=  146688kB time=01:02:35.20 bitrate= 320.0kbits/s speed= 912x    
size=  186368kB time=01:19:31.00 bitrate= 320.0kbits/s speed=1.03e+03x    
size=  209152kB time=01:29:14.28 bitrate= 320.0kbits/s speed=1.04e+03x    
size=  221696kB time=01:34:36.72 bitrate= 319.9kbits/s speed=1.01e+03x    
size=  227072kB time=01:36:56.40 bitrate= 319.8kbits/s speed= 949x    
size=  234752kB time=01:40:14.32 bitrate= 319.8kbits/s speed= 907x    
size=  235264kB time=01:40:25.80 bitrate= 319.8kbits/s speed= 835x    
size=  235264kB time=01:40:27.43 bitrate= 319.8kbits/s speed= 763x    
size=  243456kB time=01:43:55.51 bitrate= 319.8kbits/s speed= 709x    
size=  243456kB time=01:43:57.14 bitrate= 319.8kbits/s speed= 656x    
size=  255232kB time=01:48:59.56 bitrate= 319.7kbits/s speed= 654x    
size=  302336kB time=02:09:05.44 bitrate= 319.8kbits/s speed= 737x    
size=  333049kB time=02:22:06.00 bitrate= 320.0kbits/s speed= 791x    
video:0kB audio:333048kB subtitle:0kB other streams:0kB global headers:0kB muxing overhead: 0.000295%
waited
0
added file
check
]]></system-out>
  </testcase>
  <testcase name="test_conversion" classname="com.final_project.app.AppTest" time="8.72">
    <system-out><![CDATA[Converting 'Along the Road to Gundagai.mp4' to 'Along the Road to Gundagai.mp3'
 Output: Along the Road to Gundagai.mp3
 Size: 5.12 MB
 Duration: 1641ms
 Deleted original file.
Converting 'Along the Road to Gundagai.mp4' to 'Along the Road to Gundagai.m4a'
 Output: Along the Road to Gundagai.m4a
 Size: 4.09 MB
 Duration: 6349ms
 Deleted original file.
Converting 'Along the Road to Gundagai.mp4' to 'Along the Road to Gundagai.wav'
 Output: Along the Road to Gundagai.wav
 Size: 24.58 MB
 Duration: 183ms
 Deleted original file.
Converting 'Along the Road to Gundagai.mp4' to 'Along the Road to Gundagai.wav'
 Output: Along the Road to Gundagai.wav
 Size: 24.58 MB
 Duration: 242ms
 Deleted original file.
]]></system-out>
  </testcase>
</testsuite>